

Started GET "/" for 127.0.0.1 at 2017-07-29 18:13:48 +0530
Processing by Rails::WelcomeController#index as HTML
  Rendered /home/harsha/.rvm/gems/ruby-2.3.1/gems/railties-4.2.6/lib/rails/templates/rails/welcome/index.html.erb (1.9ms)
Completed 200 OK in 16ms (Views: 9.1ms | ActiveRecord: 0.0ms)


Started GET "/" for 127.0.0.1 at 2017-07-30 13:30:53 +0530
Processing by Rails::WelcomeController#index as HTML
  Rendered /home/harsha/.rvm/gems/ruby-2.3.1/gems/railties-4.2.6/lib/rails/templates/rails/welcome/index.html.erb (4.1ms)
Completed 200 OK in 28ms (Views: 11.6ms | ActiveRecord: 0.0ms)


Started GET "/" for 127.0.0.1 at 2017-07-30 13:35:41 +0530
Processing by Rails::WelcomeController#index as HTML
  Rendered /home/harsha/.rvm/gems/ruby-2.3.1/gems/railties-4.2.6/lib/rails/templates/rails/welcome/index.html.erb (1.3ms)
Completed 200 OK in 16ms (Views: 8.7ms | ActiveRecord: 0.0ms)
  [1m[36m (100.4ms)[0m  [1mCREATE TABLE "schema_migrations" ("version" varchar NOT NULL) [0m
  [1m[35m (0.2ms)[0m  select sqlite_version(*)
  [1m[36m (76.8ms)[0m  [1mCREATE UNIQUE INDEX "unique_schema_migrations" ON "schema_migrations" ("version")[0m
  [1m[35mActiveRecord::SchemaMigration Load (0.1ms)[0m  SELECT "schema_migrations".* FROM "schema_migrations"
Migrating to CreateLifts (20170730081228)
  [1m[36m (0.1ms)[0m  [1mbegin transaction[0m
  [1m[35m (0.3ms)[0m  CREATE TABLE "lifts" ("id" INTEGER PRIMARY KEY AUTOINCREMENT NOT NULL, "date" date, "liftname" varchar, "ismetric" boolean, "weightlifted" integer, "repsperformed" integer, "onerm" integer, "created_at" datetime NOT NULL, "updated_at" datetime NOT NULL) 
  [1m[36mSQL (0.2ms)[0m  [1mINSERT INTO "schema_migrations" ("version") VALUES (?)[0m  [["version", "20170730081228"]]
  [1m[35m (105.5ms)[0m  commit transaction
  [1m[36mActiveRecord::SchemaMigration Load (0.1ms)[0m  [1mSELECT "schema_migrations".* FROM "schema_migrations"[0m
  [1m[36mActiveRecord::SchemaMigration Load (0.1ms)[0m  [1mSELECT "schema_migrations".* FROM "schema_migrations"[0m
  [1m[35mActiveRecord::SchemaMigration Load (0.1ms)[0m  SELECT "schema_migrations".* FROM "schema_migrations"
Migrating to CreateLifts (20170730081228)
  [1m[36m (0.0ms)[0m  [1mbegin transaction[0m
  [1m[35m (0.3ms)[0m  DROP TABLE "lifts"
  [1m[36mSQL (0.2ms)[0m  [1mDELETE FROM "schema_migrations" WHERE "schema_migrations"."version" = ?[0m  [["version", "20170730081228"]]
  [1m[35m (98.5ms)[0m  commit transaction
  [1m[36mActiveRecord::SchemaMigration Load (0.1ms)[0m  [1mSELECT "schema_migrations".* FROM "schema_migrations"[0m
  [1m[36mActiveRecord::SchemaMigration Load (0.1ms)[0m  [1mSELECT "schema_migrations".* FROM "schema_migrations"[0m
Migrating to CreateLifts (20170730081228)
  [1m[35m (0.1ms)[0m  begin transaction
  [1m[36m (0.3ms)[0m  [1mCREATE TABLE "lifts" ("id" INTEGER PRIMARY KEY AUTOINCREMENT NOT NULL, "date" date, "liftname" varchar, "ismetric" boolean, "weightlifted" integer, "repsperformed" integer, "onerm" integer, "created_at" datetime NOT NULL, "updated_at" datetime NOT NULL) [0m
  [1m[35mSQL (0.2ms)[0m  INSERT INTO "schema_migrations" ("version") VALUES (?)  [["version", "20170730081228"]]
  [1m[36m (93.1ms)[0m  [1mcommit transaction[0m
  [1m[35mActiveRecord::SchemaMigration Load (0.1ms)[0m  SELECT "schema_migrations".* FROM "schema_migrations"
  [1m[36m (0.1ms)[0m  [1mbegin transaction[0m
  [1m[35mSQL (0.3ms)[0m  INSERT INTO "lifts" ("date", "liftname", "ismetric", "weightlifted", "repsperformed", "onerm", "created_at", "updated_at") VALUES (?, ?, ?, ?, ?, ?, ?, ?)  [["date", "2017-07-30"], ["liftname", "Bench Press"], ["ismetric", "f"], ["weightlifted", 220], ["repsperformed", 1], ["onerm", 1], ["created_at", "2017-07-30 08:29:23.309831"], ["updated_at", "2017-07-30 08:29:23.309831"]]
  [1m[36m (87.7ms)[0m  [1mcommit transaction[0m
  [1m[35mLift Load (0.2ms)[0m  SELECT "lifts".* FROM "lifts"


Started GET "/" for 127.0.0.1 at 2017-07-30 14:01:36 +0530
  [1m[36mActiveRecord::SchemaMigration Load (0.1ms)[0m  [1mSELECT "schema_migrations".* FROM "schema_migrations"[0m
Processing by Rails::WelcomeController#index as HTML
  Rendered /home/harsha/.rvm/gems/ruby-2.3.1/gems/railties-4.2.6/lib/rails/templates/rails/welcome/index.html.erb (1.2ms)
Completed 200 OK in 16ms (Views: 7.2ms | ActiveRecord: 0.0ms)


Started GET "/" for 127.0.0.1 at 2017-07-30 14:05:02 +0530
Processing by Rails::WelcomeController#index as HTML
  Rendered /home/harsha/.rvm/gems/ruby-2.3.1/gems/railties-4.2.6/lib/rails/templates/rails/welcome/index.html.erb (0.0ms)
Completed 200 OK in 1ms (Views: 1.0ms | ActiveRecord: 0.0ms)


Started GET "/lifts" for 127.0.0.1 at 2017-07-30 14:05:06 +0530
Processing by LiftsController#index as HTML
Completed 500 Internal Server Error in 22ms (ActiveRecord: 0.0ms)

ActionView::MissingTemplate (Missing template lifts/index, application/index with {:locale=>[:en], :formats=>[:html], :variants=>[], :handlers=>[:erb, :builder, :raw, :ruby, :coffee, :jbuilder]}. Searched in:
  * "/home/harsha/Desktop/railsApp/app/views"
):
  actionview (4.2.6) lib/action_view/path_set.rb:46:in `find'
  actionview (4.2.6) lib/action_view/lookup_context.rb:121:in `find'
  actionview (4.2.6) lib/action_view/renderer/abstract_renderer.rb:18:in `find_template'
  actionview (4.2.6) lib/action_view/renderer/template_renderer.rb:40:in `determine_template'
  actionview (4.2.6) lib/action_view/renderer/template_renderer.rb:8:in `render'
  actionview (4.2.6) lib/action_view/renderer/renderer.rb:46:in `render_template'
  actionview (4.2.6) lib/action_view/renderer/renderer.rb:27:in `render'
  actionview (4.2.6) lib/action_view/rendering.rb:100:in `_render_template'
  actionpack (4.2.6) lib/action_controller/metal/streaming.rb:217:in `_render_template'
  actionview (4.2.6) lib/action_view/rendering.rb:83:in `render_to_body'
  actionpack (4.2.6) lib/action_controller/metal/rendering.rb:32:in `render_to_body'
  actionpack (4.2.6) lib/action_controller/metal/renderers.rb:37:in `render_to_body'
  actionpack (4.2.6) lib/abstract_controller/rendering.rb:25:in `render'
  actionpack (4.2.6) lib/action_controller/metal/rendering.rb:16:in `render'
  actionpack (4.2.6) lib/action_controller/metal/instrumentation.rb:44:in `block (2 levels) in render'
  activesupport (4.2.6) lib/active_support/core_ext/benchmark.rb:12:in `block in ms'
  /home/harsha/.rvm/rubies/ruby-2.3.1/lib/ruby/2.3.0/benchmark.rb:308:in `realtime'
  activesupport (4.2.6) lib/active_support/core_ext/benchmark.rb:12:in `ms'
  actionpack (4.2.6) lib/action_controller/metal/instrumentation.rb:44:in `block in render'
  actionpack (4.2.6) lib/action_controller/metal/instrumentation.rb:87:in `cleanup_view_runtime'
  activerecord (4.2.6) lib/active_record/railties/controller_runtime.rb:25:in `cleanup_view_runtime'
  actionpack (4.2.6) lib/action_controller/metal/instrumentation.rb:43:in `render'
  actionpack (4.2.6) lib/action_controller/metal/implicit_render.rb:10:in `default_render'
  actionpack (4.2.6) lib/action_controller/metal/implicit_render.rb:5:in `send_action'
  actionpack (4.2.6) lib/abstract_controller/base.rb:198:in `process_action'
  actionpack (4.2.6) lib/action_controller/metal/rendering.rb:10:in `process_action'
  actionpack (4.2.6) lib/abstract_controller/callbacks.rb:20:in `block in process_action'
  activesupport (4.2.6) lib/active_support/callbacks.rb:117:in `call'
  activesupport (4.2.6) lib/active_support/callbacks.rb:555:in `block (2 levels) in compile'
  activesupport (4.2.6) lib/active_support/callbacks.rb:505:in `call'
  activesupport (4.2.6) lib/active_support/callbacks.rb:498:in `block (2 levels) in around'
  activesupport (4.2.6) lib/active_support/callbacks.rb:313:in `block (2 levels) in halting'
  react-rails (2.2.1) lib/react/rails/controller_lifecycle.rb:31:in `use_react_component_helper'
  activesupport (4.2.6) lib/active_support/callbacks.rb:432:in `block in make_lambda'
  activesupport (4.2.6) lib/active_support/callbacks.rb:312:in `block in halting'
  activesupport (4.2.6) lib/active_support/callbacks.rb:497:in `block in around'
  activesupport (4.2.6) lib/active_support/callbacks.rb:505:in `call'
  activesupport (4.2.6) lib/active_support/callbacks.rb:92:in `__run_callbacks__'
  activesupport (4.2.6) lib/active_support/callbacks.rb:778:in `_run_process_action_callbacks'
  activesupport (4.2.6) lib/active_support/callbacks.rb:81:in `run_callbacks'
  actionpack (4.2.6) lib/abstract_controller/callbacks.rb:19:in `process_action'
  actionpack (4.2.6) lib/action_controller/metal/rescue.rb:29:in `process_action'
  actionpack (4.2.6) lib/action_controller/metal/instrumentation.rb:32:in `block in process_action'
  activesupport (4.2.6) lib/active_support/notifications.rb:164:in `block in instrument'
  activesupport (4.2.6) lib/active_support/notifications/instrumenter.rb:20:in `instrument'
  activesupport (4.2.6) lib/active_support/notifications.rb:164:in `instrument'
  actionpack (4.2.6) lib/action_controller/metal/instrumentation.rb:30:in `process_action'
  actionpack (4.2.6) lib/action_controller/metal/params_wrapper.rb:250:in `process_action'
  activerecord (4.2.6) lib/active_record/railties/controller_runtime.rb:18:in `process_action'
  actionpack (4.2.6) lib/abstract_controller/base.rb:137:in `process'
  actionview (4.2.6) lib/action_view/rendering.rb:30:in `process'
  actionpack (4.2.6) lib/action_controller/metal.rb:196:in `dispatch'
  actionpack (4.2.6) lib/action_controller/metal/rack_delegation.rb:13:in `dispatch'
  actionpack (4.2.6) lib/action_controller/metal.rb:237:in `block in action'
  actionpack (4.2.6) lib/action_dispatch/routing/route_set.rb:74:in `dispatch'
  actionpack (4.2.6) lib/action_dispatch/routing/route_set.rb:43:in `serve'
  actionpack (4.2.6) lib/action_dispatch/journey/router.rb:43:in `block in serve'
  actionpack (4.2.6) lib/action_dispatch/journey/router.rb:30:in `each'
  actionpack (4.2.6) lib/action_dispatch/journey/router.rb:30:in `serve'
  actionpack (4.2.6) lib/action_dispatch/routing/route_set.rb:817:in `call'
  rack (1.6.8) lib/rack/etag.rb:24:in `call'
  rack (1.6.8) lib/rack/conditionalget.rb:25:in `call'
  rack (1.6.8) lib/rack/head.rb:13:in `call'
  actionpack (4.2.6) lib/action_dispatch/middleware/params_parser.rb:27:in `call'
  actionpack (4.2.6) lib/action_dispatch/middleware/flash.rb:260:in `call'
  rack (1.6.8) lib/rack/session/abstract/id.rb:225:in `context'
  rack (1.6.8) lib/rack/session/abstract/id.rb:220:in `call'
  actionpack (4.2.6) lib/action_dispatch/middleware/cookies.rb:560:in `call'
  activerecord (4.2.6) lib/active_record/query_cache.rb:36:in `call'
  activerecord (4.2.6) lib/active_record/connection_adapters/abstract/connection_pool.rb:653:in `call'
  activerecord (4.2.6) lib/active_record/migration.rb:377:in `call'
  actionpack (4.2.6) lib/action_dispatch/middleware/callbacks.rb:29:in `block in call'
  activesupport (4.2.6) lib/active_support/callbacks.rb:88:in `__run_callbacks__'
  activesupport (4.2.6) lib/active_support/callbacks.rb:778:in `_run_call_callbacks'
  activesupport (4.2.6) lib/active_support/callbacks.rb:81:in `run_callbacks'
  actionpack (4.2.6) lib/action_dispatch/middleware/callbacks.rb:27:in `call'
  actionpack (4.2.6) lib/action_dispatch/middleware/reloader.rb:73:in `call'
  actionpack (4.2.6) lib/action_dispatch/middleware/remote_ip.rb:78:in `call'
  actionpack (4.2.6) lib/action_dispatch/middleware/debug_exceptions.rb:17:in `call'
  web-console (2.3.0) lib/web_console/middleware.rb:28:in `block in call'
  web-console (2.3.0) lib/web_console/middleware.rb:18:in `catch'
  web-console (2.3.0) lib/web_console/middleware.rb:18:in `call'
  actionpack (4.2.6) lib/action_dispatch/middleware/show_exceptions.rb:30:in `call'
  railties (4.2.6) lib/rails/rack/logger.rb:38:in `call_app'
  railties (4.2.6) lib/rails/rack/logger.rb:20:in `block in call'
  activesupport (4.2.6) lib/active_support/tagged_logging.rb:68:in `block in tagged'
  activesupport (4.2.6) lib/active_support/tagged_logging.rb:26:in `tagged'
  activesupport (4.2.6) lib/active_support/tagged_logging.rb:68:in `tagged'
  railties (4.2.6) lib/rails/rack/logger.rb:20:in `call'
  actionpack (4.2.6) lib/action_dispatch/middleware/request_id.rb:21:in `call'
  rack (1.6.8) lib/rack/methodoverride.rb:22:in `call'
  rack (1.6.8) lib/rack/runtime.rb:18:in `call'
  activesupport (4.2.6) lib/active_support/cache/strategy/local_cache_middleware.rb:28:in `call'
  rack (1.6.8) lib/rack/lock.rb:17:in `call'
  actionpack (4.2.6) lib/action_dispatch/middleware/static.rb:120:in `call'
  rack (1.6.8) lib/rack/sendfile.rb:113:in `call'
  railties (4.2.6) lib/rails/engine.rb:518:in `call'
  railties (4.2.6) lib/rails/application.rb:165:in `call'
  rack (1.6.8) lib/rack/lock.rb:17:in `call'
  rack (1.6.8) lib/rack/content_length.rb:15:in `call'
  rack (1.6.8) lib/rack/handler/webrick.rb:88:in `service'
  /home/harsha/.rvm/rubies/ruby-2.3.1/lib/ruby/2.3.0/webrick/httpserver.rb:140:in `service'
  /home/harsha/.rvm/rubies/ruby-2.3.1/lib/ruby/2.3.0/webrick/httpserver.rb:96:in `run'
  /home/harsha/.rvm/rubies/ruby-2.3.1/lib/ruby/2.3.0/webrick/server.rb:296:in `block in start_thread'


  Rendered /home/harsha/.rvm/gems/ruby-2.3.1/gems/actionpack-4.2.6/lib/action_dispatch/middleware/templates/rescues/_source.erb (4.5ms)
  Rendered /home/harsha/.rvm/gems/ruby-2.3.1/gems/actionpack-4.2.6/lib/action_dispatch/middleware/templates/rescues/_trace.html.erb (3.7ms)
  Rendered /home/harsha/.rvm/gems/ruby-2.3.1/gems/actionpack-4.2.6/lib/action_dispatch/middleware/templates/rescues/_request_and_response.html.erb (0.9ms)
  Rendered /home/harsha/.rvm/gems/ruby-2.3.1/gems/actionpack-4.2.6/lib/action_dispatch/middleware/templates/rescues/missing_template.html.erb within rescues/layout (24.9ms)
  Rendered /home/harsha/.rvm/gems/ruby-2.3.1/gems/web-console-2.3.0/lib/web_console/templates/_markup.html.erb (0.6ms)
  Rendered /home/harsha/.rvm/gems/ruby-2.3.1/gems/web-console-2.3.0/lib/web_console/templates/_inner_console_markup.html.erb within layouts/inlined_string (0.4ms)
  Rendered /home/harsha/.rvm/gems/ruby-2.3.1/gems/web-console-2.3.0/lib/web_console/templates/_prompt_box_markup.html.erb within layouts/inlined_string (0.6ms)
  Rendered /home/harsha/.rvm/gems/ruby-2.3.1/gems/web-console-2.3.0/lib/web_console/templates/style.css.erb within layouts/inlined_string (0.4ms)
  Rendered /home/harsha/.rvm/gems/ruby-2.3.1/gems/web-console-2.3.0/lib/web_console/templates/console.js.erb within layouts/javascript (73.3ms)
  Rendered /home/harsha/.rvm/gems/ruby-2.3.1/gems/web-console-2.3.0/lib/web_console/templates/main.js.erb within layouts/javascript (0.3ms)
  Rendered /home/harsha/.rvm/gems/ruby-2.3.1/gems/web-console-2.3.0/lib/web_console/templates/error_page.js.erb within layouts/javascript (1.0ms)
  Rendered /home/harsha/.rvm/gems/ruby-2.3.1/gems/web-console-2.3.0/lib/web_console/templates/index.html.erb (126.5ms)


Started GET "/" for 127.0.0.1 at 2017-07-30 14:06:47 +0530
Processing by Rails::WelcomeController#index as HTML
  Rendered /home/harsha/.rvm/gems/ruby-2.3.1/gems/railties-4.2.6/lib/rails/templates/rails/welcome/index.html.erb (0.1ms)
Completed 200 OK in 2ms (Views: 1.6ms | ActiveRecord: 0.0ms)


Started GET "/lifts" for 127.0.0.1 at 2017-07-30 14:06:49 +0530
Processing by LiftsController#index as HTML
  Rendered lifts/index.html.erb within layouts/application (0.6ms)
Completed 200 OK in 8502ms (Views: 8501.9ms | ActiveRecord: 0.0ms)


Started GET "/assets/application.self-c7beed240604d8e7266991f22ab810f2bd9a2a926671f6301f248a86c9b80a40.css?body=1" for 127.0.0.1 at 2017-07-30 14:06:58 +0530


Started GET "/assets/jquery_ujs.self-784a997f6726036b1993eb2217c9cb558e1cbb801c6da88105588c56f13b466a.js?body=1" for 127.0.0.1 at 2017-07-30 14:06:58 +0530


Started GET "/assets/react.self-73aebe9077e6d43c26641df64fb423f78831c5ee55ce76eee06ea71522ae1da1.js?body=1" for 127.0.0.1 at 2017-07-30 14:06:58 +0530


Started GET "/assets/turbolinks.self-1d1fddf91adc38ac2045c51f0a3e05ca97d07d24d15a4dcbf705009106489e69.js?body=1" for 127.0.0.1 at 2017-07-30 14:06:58 +0530


Started GET "/assets/lifts.self-877aef30ae1b040ab8a3aba4e3e309a11d7f2612f44dde450b5c157aa5f95c05.js?body=1" for 127.0.0.1 at 2017-07-30 14:06:58 +0530


Started GET "/assets/react_ujs.self-d595485e19cc50994cf4906369294e1fa672bf6871fe8b9489c07bab21ec74d0.js?body=1" for 127.0.0.1 at 2017-07-30 14:06:58 +0530


Started GET "/assets/react-server.self-01b563c5f898e5a3eeb36eb794782c733211a06172e3b87912e7b0827643d4e4.js?body=1" for 127.0.0.1 at 2017-07-30 14:06:58 +0530


Started GET "/assets/components.self-e3b0c44298fc1c149afbf4c8996fb92427ae41e4649b934ca495991b7852b855.js?body=1" for 127.0.0.1 at 2017-07-30 14:06:58 +0530


Started GET "/assets/bootstrap/util.self-5ae5b599fc2afe0f317696c5dfc0b51d6ce2ecb47d0341d1555b2fe971ada496.js?body=1" for 127.0.0.1 at 2017-07-30 14:06:58 +0530


Started GET "/assets/server_rendering.self-cc0c9a7ae066dab953a3915c75fde3b432278f8469a119c0954495472965de52.js?body=1" for 127.0.0.1 at 2017-07-30 14:06:58 +0530


Started GET "/assets/bootstrap/alert.self-5a586b490b4c9332249b231956b361b852b128a0d82f7f08549f205bba1bfeb0.js?body=1" for 127.0.0.1 at 2017-07-30 14:06:58 +0530


Started GET "/assets/bootstrap/button.self-30412f39aaa761313878531076ce8187fe6c017e42111bf2c283fce4a7c850f8.js?body=1" for 127.0.0.1 at 2017-07-30 14:06:58 +0530


Started GET "/assets/bootstrap/carousel.self-f18afa468f85125228747ec83e00e56a26bbc71295e90a3848af25b258445615.js?body=1" for 127.0.0.1 at 2017-07-30 14:06:58 +0530


Started GET "/assets/bootstrap/collapse.self-94c7455a70c5bb5ad5b3eae0c70388160c238afdea0b48d5345587fd176fb52d.js?body=1" for 127.0.0.1 at 2017-07-30 14:06:58 +0530


Started GET "/assets/bootstrap/dropdown.self-954f8384ac380992dd91b2b176b570b0792365a334efb758774c718d9628a329.js?body=1" for 127.0.0.1 at 2017-07-30 14:06:58 +0530


Started GET "/assets/bootstrap/modal.self-a406636221efb5add01fbaa60c24ac0ae6bc0c57008d8e2503d68f49fbe75ad0.js?body=1" for 127.0.0.1 at 2017-07-30 14:06:58 +0530


Started GET "/assets/bootstrap/scrollspy.self-66781adda319363e67c65edfc73459411bd3948c0f32efddbc9928b810d5abf4.js?body=1" for 127.0.0.1 at 2017-07-30 14:06:58 +0530


Started GET "/assets/bootstrap/tab.self-e3abc2817f699a2be95f78a4aff190ef7669d5590adbacd0c08867eb34ed16c6.js?body=1" for 127.0.0.1 at 2017-07-30 14:06:58 +0530


Started GET "/assets/bootstrap/tooltip.self-dd8a9f3fa1f9fc58df30c7ed9a17dfc7303b812d72640899beee03609124b426.js?body=1" for 127.0.0.1 at 2017-07-30 14:06:58 +0530


Started GET "/assets/bootstrap/popover.self-7d459fac34d4d96fd9d6da8efcd40dee55b66579a24ddcebf0a355c82dcad7e0.js?body=1" for 127.0.0.1 at 2017-07-30 14:06:58 +0530


Started GET "/assets/bootstrap-sprockets.self-636159b35205da4142a43bc02d2849d77d3ac07a0946211585cde15a9c6ff21f.js?body=1" for 127.0.0.1 at 2017-07-30 14:06:58 +0530


Started GET "/assets/jquery.self-bd7ddd393353a8d2480a622e80342adf488fb6006d667e8b42e4c0073393abee.js?body=1" for 127.0.0.1 at 2017-07-30 14:06:58 +0530


Started GET "/assets/application.self-10ad0916cf31256fe71785e8dc9cc297a96b1cdf7b74aeb61711199b9a3d003f.js?body=1" for 127.0.0.1 at 2017-07-30 14:06:58 +0530


Started GET "/lifts" for 127.0.0.1 at 2017-07-30 14:08:28 +0530
Processing by LiftsController#index as HTML
  [1m[35mLift Load (0.3ms)[0m  SELECT "lifts".* FROM "lifts"
  Rendered lifts/index.html.erb within layouts/application (9.1ms)
Completed 200 OK in 53ms (Views: 51.7ms | ActiveRecord: 0.6ms)


Started GET "/lifts" for 127.0.0.1 at 2017-07-30 14:12:16 +0530
Processing by LiftsController#index as HTML
  [1m[36mLift Load (0.2ms)[0m  [1mSELECT "lifts".* FROM "lifts"[0m
  Rendered lifts/index.html.erb within layouts/application (1.9ms)
Completed 500 Internal Server Error in 219ms (ActiveRecord: 0.2ms)

ActionView::Template::Error (SyntaxError: [stdin]:2:11: unexpected >):
    3: <head>
    4:   <title>RailsApp</title>
    5:   <%= stylesheet_link_tag    'application', media: 'all', 'data-turbolinks-track' => true %>
    6:   <%= javascript_include_tag 'application', 'data-turbolinks-track' => true %>
    7:   <%= csrf_meta_tags %>
    8: </head>
    9: <body>
  app/views/layouts/application.html.erb:6:in `_app_views_layouts_application_html_erb___706849677634608377_28029820'


  Rendered /home/harsha/.rvm/gems/ruby-2.3.1/gems/actionpack-4.2.6/lib/action_dispatch/middleware/templates/rescues/_source.erb (5.9ms)
  Rendered /home/harsha/.rvm/gems/ruby-2.3.1/gems/actionpack-4.2.6/lib/action_dispatch/middleware/templates/rescues/_trace.html.erb (4.3ms)
  Rendered /home/harsha/.rvm/gems/ruby-2.3.1/gems/actionpack-4.2.6/lib/action_dispatch/middleware/templates/rescues/_request_and_response.html.erb (1.0ms)
  Rendered /home/harsha/.rvm/gems/ruby-2.3.1/gems/actionpack-4.2.6/lib/action_dispatch/middleware/templates/rescues/template_error.html.erb within rescues/layout (24.7ms)
  Rendered /home/harsha/.rvm/gems/ruby-2.3.1/gems/web-console-2.3.0/lib/web_console/templates/_markup.html.erb (0.5ms)
  Rendered /home/harsha/.rvm/gems/ruby-2.3.1/gems/web-console-2.3.0/lib/web_console/templates/_inner_console_markup.html.erb within layouts/inlined_string (0.3ms)
  Rendered /home/harsha/.rvm/gems/ruby-2.3.1/gems/web-console-2.3.0/lib/web_console/templates/_prompt_box_markup.html.erb within layouts/inlined_string (0.2ms)
  Rendered /home/harsha/.rvm/gems/ruby-2.3.1/gems/web-console-2.3.0/lib/web_console/templates/style.css.erb within layouts/inlined_string (0.3ms)
  Rendered /home/harsha/.rvm/gems/ruby-2.3.1/gems/web-console-2.3.0/lib/web_console/templates/console.js.erb within layouts/javascript (15.5ms)
  Rendered /home/harsha/.rvm/gems/ruby-2.3.1/gems/web-console-2.3.0/lib/web_console/templates/main.js.erb within layouts/javascript (0.3ms)
  Rendered /home/harsha/.rvm/gems/ruby-2.3.1/gems/web-console-2.3.0/lib/web_console/templates/error_page.js.erb within layouts/javascript (0.3ms)
  Rendered /home/harsha/.rvm/gems/ruby-2.3.1/gems/web-console-2.3.0/lib/web_console/templates/index.html.erb (31.2ms)


Started GET "/lifts" for 127.0.0.1 at 2017-07-30 14:12:36 +0530
Processing by LiftsController#index as HTML
  [1m[35mLift Load (0.2ms)[0m  SELECT "lifts".* FROM "lifts"
  Rendered lifts/index.html.erb within layouts/application (1.7ms)
Completed 500 Internal Server Error in 209ms (ActiveRecord: 0.2ms)

ActionView::Template::Error (SyntaxError: [stdin]:7:6: cannot have an implicit value in an implicit object):
    3: <head>
    4:   <title>RailsApp</title>
    5:   <%= stylesheet_link_tag    'application', media: 'all', 'data-turbolinks-track' => true %>
    6:   <%= javascript_include_tag 'application', 'data-turbolinks-track' => true %>
    7:   <%= csrf_meta_tags %>
    8: </head>
    9: <body>
  app/views/layouts/application.html.erb:6:in `_app_views_layouts_application_html_erb___706849677634608377_28029820'


  Rendered /home/harsha/.rvm/gems/ruby-2.3.1/gems/actionpack-4.2.6/lib/action_dispatch/middleware/templates/rescues/_source.erb (12.5ms)
  Rendered /home/harsha/.rvm/gems/ruby-2.3.1/gems/actionpack-4.2.6/lib/action_dispatch/middleware/templates/rescues/_trace.html.erb (4.7ms)
  Rendered /home/harsha/.rvm/gems/ruby-2.3.1/gems/actionpack-4.2.6/lib/action_dispatch/middleware/templates/rescues/_request_and_response.html.erb (2.2ms)
  Rendered /home/harsha/.rvm/gems/ruby-2.3.1/gems/actionpack-4.2.6/lib/action_dispatch/middleware/templates/rescues/template_error.html.erb within rescues/layout (32.1ms)
  Rendered /home/harsha/.rvm/gems/ruby-2.3.1/gems/web-console-2.3.0/lib/web_console/templates/_markup.html.erb (0.5ms)
  Rendered /home/harsha/.rvm/gems/ruby-2.3.1/gems/web-console-2.3.0/lib/web_console/templates/_inner_console_markup.html.erb within layouts/inlined_string (0.5ms)
  Rendered /home/harsha/.rvm/gems/ruby-2.3.1/gems/web-console-2.3.0/lib/web_console/templates/_prompt_box_markup.html.erb within layouts/inlined_string (0.2ms)
  Rendered /home/harsha/.rvm/gems/ruby-2.3.1/gems/web-console-2.3.0/lib/web_console/templates/style.css.erb within layouts/inlined_string (0.4ms)
  Rendered /home/harsha/.rvm/gems/ruby-2.3.1/gems/web-console-2.3.0/lib/web_console/templates/console.js.erb within layouts/javascript (16.0ms)
  Rendered /home/harsha/.rvm/gems/ruby-2.3.1/gems/web-console-2.3.0/lib/web_console/templates/main.js.erb within layouts/javascript (0.2ms)
  Rendered /home/harsha/.rvm/gems/ruby-2.3.1/gems/web-console-2.3.0/lib/web_console/templates/error_page.js.erb within layouts/javascript (0.8ms)
  Rendered /home/harsha/.rvm/gems/ruby-2.3.1/gems/web-console-2.3.0/lib/web_console/templates/index.html.erb (33.1ms)


Started GET "/" for 127.0.0.1 at 2017-07-30 14:15:48 +0530
Processing by Rails::WelcomeController#index as HTML
  Rendered /home/harsha/.rvm/gems/ruby-2.3.1/gems/railties-4.2.6/lib/rails/templates/rails/welcome/index.html.erb (0.1ms)
Completed 200 OK in 2ms (Views: 1.6ms | ActiveRecord: 0.0ms)


Started GET "/lifts" for 127.0.0.1 at 2017-07-30 14:15:54 +0530
Processing by LiftsController#index as HTML
  [1m[36mLift Load (0.2ms)[0m  [1mSELECT "lifts".* FROM "lifts"[0m
  Rendered lifts/index.html.erb within layouts/application (1.4ms)
Completed 500 Internal Server Error in 220ms (ActiveRecord: 0.2ms)

ActionView::Template::Error (SyntaxError: [stdin]:7:6: cannot have an implicit value in an implicit object):
    3: <head>
    4:   <title>RailsApp</title>
    5:   <%= stylesheet_link_tag    'application', media: 'all', 'data-turbolinks-track' => true %>
    6:   <%= javascript_include_tag 'application', 'data-turbolinks-track' => true %>
    7:   <%= csrf_meta_tags %>
    8: </head>
    9: <body>
  app/views/layouts/application.html.erb:6:in `_app_views_layouts_application_html_erb___706849677634608377_28029820'


  Rendered /home/harsha/.rvm/gems/ruby-2.3.1/gems/actionpack-4.2.6/lib/action_dispatch/middleware/templates/rescues/_source.erb (7.4ms)
  Rendered /home/harsha/.rvm/gems/ruby-2.3.1/gems/actionpack-4.2.6/lib/action_dispatch/middleware/templates/rescues/_trace.html.erb (2.5ms)
  Rendered /home/harsha/.rvm/gems/ruby-2.3.1/gems/actionpack-4.2.6/lib/action_dispatch/middleware/templates/rescues/_request_and_response.html.erb (1.0ms)
  Rendered /home/harsha/.rvm/gems/ruby-2.3.1/gems/actionpack-4.2.6/lib/action_dispatch/middleware/templates/rescues/template_error.html.erb within rescues/layout (23.4ms)
  Rendered /home/harsha/.rvm/gems/ruby-2.3.1/gems/web-console-2.3.0/lib/web_console/templates/_markup.html.erb (0.3ms)
  Rendered /home/harsha/.rvm/gems/ruby-2.3.1/gems/web-console-2.3.0/lib/web_console/templates/_inner_console_markup.html.erb within layouts/inlined_string (0.5ms)
  Rendered /home/harsha/.rvm/gems/ruby-2.3.1/gems/web-console-2.3.0/lib/web_console/templates/_prompt_box_markup.html.erb within layouts/inlined_string (0.9ms)
  Rendered /home/harsha/.rvm/gems/ruby-2.3.1/gems/web-console-2.3.0/lib/web_console/templates/style.css.erb within layouts/inlined_string (0.3ms)
  Rendered /home/harsha/.rvm/gems/ruby-2.3.1/gems/web-console-2.3.0/lib/web_console/templates/console.js.erb within layouts/javascript (16.7ms)
  Rendered /home/harsha/.rvm/gems/ruby-2.3.1/gems/web-console-2.3.0/lib/web_console/templates/main.js.erb within layouts/javascript (0.2ms)
  Rendered /home/harsha/.rvm/gems/ruby-2.3.1/gems/web-console-2.3.0/lib/web_console/templates/error_page.js.erb within layouts/javascript (0.3ms)
  Rendered /home/harsha/.rvm/gems/ruby-2.3.1/gems/web-console-2.3.0/lib/web_console/templates/index.html.erb (30.9ms)


Started GET "/lifts" for 127.0.0.1 at 2017-07-30 14:30:56 +0530
Processing by LiftsController#index as HTML
  [1m[35mLift Load (0.2ms)[0m  SELECT "lifts".* FROM "lifts"
  Rendered lifts/index.html.erb within layouts/application (1.2ms)
Completed 500 Internal Server Error in 193ms (ActiveRecord: 0.2ms)

ActionView::Template::Error (SyntaxError: [stdin]:5:10: unexpected .):
    3: <head>
    4:   <title>RailsApp</title>
    5:   <%= stylesheet_link_tag    'application', media: 'all', 'data-turbolinks-track' => true %>
    6:   <%= javascript_include_tag 'application', 'data-turbolinks-track' => true %>
    7:   <%= csrf_meta_tags %>
    8: </head>
    9: <body>
  app/views/layouts/application.html.erb:6:in `_app_views_layouts_application_html_erb___706849677634608377_28029820'


  Rendered /home/harsha/.rvm/gems/ruby-2.3.1/gems/actionpack-4.2.6/lib/action_dispatch/middleware/templates/rescues/_source.erb (6.0ms)
  Rendered /home/harsha/.rvm/gems/ruby-2.3.1/gems/actionpack-4.2.6/lib/action_dispatch/middleware/templates/rescues/_trace.html.erb (4.1ms)
  Rendered /home/harsha/.rvm/gems/ruby-2.3.1/gems/actionpack-4.2.6/lib/action_dispatch/middleware/templates/rescues/_request_and_response.html.erb (0.9ms)
  Rendered /home/harsha/.rvm/gems/ruby-2.3.1/gems/actionpack-4.2.6/lib/action_dispatch/middleware/templates/rescues/template_error.html.erb within rescues/layout (24.1ms)
  Rendered /home/harsha/.rvm/gems/ruby-2.3.1/gems/web-console-2.3.0/lib/web_console/templates/_markup.html.erb (0.3ms)
  Rendered /home/harsha/.rvm/gems/ruby-2.3.1/gems/web-console-2.3.0/lib/web_console/templates/_inner_console_markup.html.erb within layouts/inlined_string (0.6ms)
  Rendered /home/harsha/.rvm/gems/ruby-2.3.1/gems/web-console-2.3.0/lib/web_console/templates/_prompt_box_markup.html.erb within layouts/inlined_string (0.3ms)
  Rendered /home/harsha/.rvm/gems/ruby-2.3.1/gems/web-console-2.3.0/lib/web_console/templates/style.css.erb within layouts/inlined_string (0.4ms)
  Rendered /home/harsha/.rvm/gems/ruby-2.3.1/gems/web-console-2.3.0/lib/web_console/templates/console.js.erb within layouts/javascript (16.9ms)
  Rendered /home/harsha/.rvm/gems/ruby-2.3.1/gems/web-console-2.3.0/lib/web_console/templates/main.js.erb within layouts/javascript (0.2ms)
  Rendered /home/harsha/.rvm/gems/ruby-2.3.1/gems/web-console-2.3.0/lib/web_console/templates/error_page.js.erb within layouts/javascript (0.5ms)
  Rendered /home/harsha/.rvm/gems/ruby-2.3.1/gems/web-console-2.3.0/lib/web_console/templates/index.html.erb (31.1ms)


Started GET "/lifts" for 127.0.0.1 at 2017-07-30 14:31:20 +0530
Processing by LiftsController#index as HTML
  [1m[36mLift Load (0.2ms)[0m  [1mSELECT "lifts".* FROM "lifts"[0m
  Rendered lifts/index.html.erb within layouts/application (3.8ms)
Completed 200 OK in 435ms (Views: 434.1ms | ActiveRecord: 0.2ms)


Started GET "/assets/components/lifts.self-877aef30ae1b040ab8a3aba4e3e309a11d7f2612f44dde450b5c157aa5f95c05.js?body=1" for 127.0.0.1 at 2017-07-30 14:31:21 +0530


Started GET "/lifts" for 127.0.0.1 at 2017-07-30 14:31:53 +0530
Processing by LiftsController#index as HTML
  [1m[35mLift Load (0.1ms)[0m  SELECT "lifts".* FROM "lifts"
  Rendered lifts/index.html.erb within layouts/application (1.0ms)
Completed 200 OK in 430ms (Views: 428.6ms | ActiveRecord: 0.1ms)


Started GET "/assets/components/lifts.self-3f4c96af4984ce0a266a376ba493a24519eeda2f91b67ec325efaa33b08477f5.js?body=1" for 127.0.0.1 at 2017-07-30 14:31:54 +0530


Started GET "/lifts" for 127.0.0.1 at 2017-07-30 14:32:15 +0530
Processing by LiftsController#index as HTML
  [1m[36mLift Load (0.2ms)[0m  [1mSELECT "lifts".* FROM "lifts"[0m
  Rendered lifts/index.html.erb within layouts/application (1.9ms)
Completed 200 OK in 431ms (Views: 429.9ms | ActiveRecord: 0.2ms)


Started GET "/assets/components/lifts.self-ef6742e5fff6cf996d62e06614a67b8638bac96909428760712e14703a7b21c3.js?body=1" for 127.0.0.1 at 2017-07-30 14:32:15 +0530


Started GET "/lifts" for 127.0.0.1 at 2017-07-30 14:33:17 +0530
Processing by LiftsController#index as HTML
  [1m[35mLift Load (0.2ms)[0m  SELECT "lifts".* FROM "lifts"
  Rendered lifts/index.html.erb within layouts/application (1.3ms)
Completed 500 Internal Server Error in 202ms (ActiveRecord: 0.2ms)

ActionView::Template::Error (SyntaxError: [stdin]:5:16: unexpected .):
    3: <head>
    4:   <title>RailsApp</title>
    5:   <%= stylesheet_link_tag    'application', media: 'all', 'data-turbolinks-track' => true %>
    6:   <%= javascript_include_tag 'application', 'data-turbolinks-track' => true %>
    7:   <%= csrf_meta_tags %>
    8: </head>
    9: <body>
  app/views/layouts/application.html.erb:6:in `_app_views_layouts_application_html_erb___706849677634608377_28029820'


  Rendered /home/harsha/.rvm/gems/ruby-2.3.1/gems/actionpack-4.2.6/lib/action_dispatch/middleware/templates/rescues/_source.erb (7.9ms)
  Rendered /home/harsha/.rvm/gems/ruby-2.3.1/gems/actionpack-4.2.6/lib/action_dispatch/middleware/templates/rescues/_trace.html.erb (2.8ms)
  Rendered /home/harsha/.rvm/gems/ruby-2.3.1/gems/actionpack-4.2.6/lib/action_dispatch/middleware/templates/rescues/_request_and_response.html.erb (1.0ms)
  Rendered /home/harsha/.rvm/gems/ruby-2.3.1/gems/actionpack-4.2.6/lib/action_dispatch/middleware/templates/rescues/template_error.html.erb within rescues/layout (23.5ms)
  Rendered /home/harsha/.rvm/gems/ruby-2.3.1/gems/web-console-2.3.0/lib/web_console/templates/_markup.html.erb (0.3ms)
  Rendered /home/harsha/.rvm/gems/ruby-2.3.1/gems/web-console-2.3.0/lib/web_console/templates/_inner_console_markup.html.erb within layouts/inlined_string (0.3ms)
  Rendered /home/harsha/.rvm/gems/ruby-2.3.1/gems/web-console-2.3.0/lib/web_console/templates/_prompt_box_markup.html.erb within layouts/inlined_string (0.4ms)
  Rendered /home/harsha/.rvm/gems/ruby-2.3.1/gems/web-console-2.3.0/lib/web_console/templates/style.css.erb within layouts/inlined_string (0.4ms)
  Rendered /home/harsha/.rvm/gems/ruby-2.3.1/gems/web-console-2.3.0/lib/web_console/templates/console.js.erb within layouts/javascript (17.9ms)
  Rendered /home/harsha/.rvm/gems/ruby-2.3.1/gems/web-console-2.3.0/lib/web_console/templates/main.js.erb within layouts/javascript (0.2ms)
  Rendered /home/harsha/.rvm/gems/ruby-2.3.1/gems/web-console-2.3.0/lib/web_console/templates/error_page.js.erb within layouts/javascript (0.4ms)
  Rendered /home/harsha/.rvm/gems/ruby-2.3.1/gems/web-console-2.3.0/lib/web_console/templates/index.html.erb (32.4ms)


Started GET "/lifts" for 127.0.0.1 at 2017-07-30 14:34:01 +0530
Processing by LiftsController#index as HTML
  [1m[36mLift Load (0.8ms)[0m  [1mSELECT "lifts".* FROM "lifts"[0m
  Rendered lifts/index.html.erb within layouts/application (3.0ms)
Completed 200 OK in 417ms (Views: 414.5ms | ActiveRecord: 0.8ms)


Started GET "/" for 127.0.0.1 at 2017-07-30 19:39:21 +0530
Processing by Rails::WelcomeController#index as HTML
  Rendered /home/harsha/.rvm/gems/ruby-2.3.1/gems/railties-4.2.6/lib/rails/templates/rails/welcome/index.html.erb (0.1ms)
Completed 200 OK in 50ms (Views: 32.5ms | ActiveRecord: 0.0ms)


Started GET "/lifts" for 127.0.0.1 at 2017-07-30 19:39:24 +0530
Processing by LiftsController#index as HTML
  [1m[35mLift Load (16.4ms)[0m  SELECT "lifts".* FROM "lifts"
  Rendered lifts/index.html.erb within layouts/application (35.5ms)
Completed 500 Internal Server Error in 1538ms (ActiveRecord: 16.4ms)

ActionView::Template::Error (SyntaxError: [stdin]:14:16: unexpected .):
    3: <head>
    4:   <title>RailsApp</title>
    5:   <%= stylesheet_link_tag    'application', media: 'all', 'data-turbolinks-track' => true %>
    6:   <%= javascript_include_tag 'application', 'data-turbolinks-track' => true %>
    7:   <%= csrf_meta_tags %>
    8: </head>
    9: <body>
  app/views/layouts/application.html.erb:6:in `_app_views_layouts_application_html_erb___706849677634608377_28029820'


  Rendered /home/harsha/.rvm/gems/ruby-2.3.1/gems/actionpack-4.2.6/lib/action_dispatch/middleware/templates/rescues/_source.erb (7.1ms)
  Rendered /home/harsha/.rvm/gems/ruby-2.3.1/gems/actionpack-4.2.6/lib/action_dispatch/middleware/templates/rescues/_trace.html.erb (3.3ms)
  Rendered /home/harsha/.rvm/gems/ruby-2.3.1/gems/actionpack-4.2.6/lib/action_dispatch/middleware/templates/rescues/_request_and_response.html.erb (0.9ms)
  Rendered /home/harsha/.rvm/gems/ruby-2.3.1/gems/actionpack-4.2.6/lib/action_dispatch/middleware/templates/rescues/template_error.html.erb within rescues/layout (55.4ms)
  Rendered /home/harsha/.rvm/gems/ruby-2.3.1/gems/web-console-2.3.0/lib/web_console/templates/_markup.html.erb (0.8ms)
  Rendered /home/harsha/.rvm/gems/ruby-2.3.1/gems/web-console-2.3.0/lib/web_console/templates/_inner_console_markup.html.erb within layouts/inlined_string (0.3ms)
  Rendered /home/harsha/.rvm/gems/ruby-2.3.1/gems/web-console-2.3.0/lib/web_console/templates/_prompt_box_markup.html.erb within layouts/inlined_string (0.2ms)
  Rendered /home/harsha/.rvm/gems/ruby-2.3.1/gems/web-console-2.3.0/lib/web_console/templates/style.css.erb within layouts/inlined_string (0.5ms)
  Rendered /home/harsha/.rvm/gems/ruby-2.3.1/gems/web-console-2.3.0/lib/web_console/templates/console.js.erb within layouts/javascript (18.7ms)
  Rendered /home/harsha/.rvm/gems/ruby-2.3.1/gems/web-console-2.3.0/lib/web_console/templates/main.js.erb within layouts/javascript (0.3ms)
  Rendered /home/harsha/.rvm/gems/ruby-2.3.1/gems/web-console-2.3.0/lib/web_console/templates/error_page.js.erb within layouts/javascript (0.5ms)
  Rendered /home/harsha/.rvm/gems/ruby-2.3.1/gems/web-console-2.3.0/lib/web_console/templates/index.html.erb (38.5ms)


Started GET "/lifts" for 127.0.0.1 at 2017-07-30 19:40:12 +0530
Processing by LiftsController#index as HTML
  [1m[36mLift Load (0.2ms)[0m  [1mSELECT "lifts".* FROM "lifts"[0m
  Rendered lifts/index.html.erb within layouts/application (1.7ms)
Completed 500 Internal Server Error in 413ms (ActiveRecord: 0.2ms)

ActionView::Template::Error (SyntaxError: [stdin]:14:16: unexpected .):
    3: <head>
    4:   <title>RailsApp</title>
    5:   <%= stylesheet_link_tag    'application', media: 'all', 'data-turbolinks-track' => true %>
    6:   <%= javascript_include_tag 'application', 'data-turbolinks-track' => true %>
    7:   <%= csrf_meta_tags %>
    8: </head>
    9: <body>
  app/views/layouts/application.html.erb:6:in `_app_views_layouts_application_html_erb___706849677634608377_28029820'


  Rendered /home/harsha/.rvm/gems/ruby-2.3.1/gems/actionpack-4.2.6/lib/action_dispatch/middleware/templates/rescues/_source.erb (7.5ms)
  Rendered /home/harsha/.rvm/gems/ruby-2.3.1/gems/actionpack-4.2.6/lib/action_dispatch/middleware/templates/rescues/_trace.html.erb (3.0ms)
  Rendered /home/harsha/.rvm/gems/ruby-2.3.1/gems/actionpack-4.2.6/lib/action_dispatch/middleware/templates/rescues/_request_and_response.html.erb (0.9ms)
  Rendered /home/harsha/.rvm/gems/ruby-2.3.1/gems/actionpack-4.2.6/lib/action_dispatch/middleware/templates/rescues/template_error.html.erb within rescues/layout (23.6ms)
  Rendered /home/harsha/.rvm/gems/ruby-2.3.1/gems/web-console-2.3.0/lib/web_console/templates/_markup.html.erb (0.3ms)
  Rendered /home/harsha/.rvm/gems/ruby-2.3.1/gems/web-console-2.3.0/lib/web_console/templates/_inner_console_markup.html.erb within layouts/inlined_string (0.9ms)
  Rendered /home/harsha/.rvm/gems/ruby-2.3.1/gems/web-console-2.3.0/lib/web_console/templates/_prompt_box_markup.html.erb within layouts/inlined_string (0.6ms)
  Rendered /home/harsha/.rvm/gems/ruby-2.3.1/gems/web-console-2.3.0/lib/web_console/templates/style.css.erb within layouts/inlined_string (0.3ms)
  Rendered /home/harsha/.rvm/gems/ruby-2.3.1/gems/web-console-2.3.0/lib/web_console/templates/console.js.erb within layouts/javascript (17.7ms)
  Rendered /home/harsha/.rvm/gems/ruby-2.3.1/gems/web-console-2.3.0/lib/web_console/templates/main.js.erb within layouts/javascript (0.4ms)
  Rendered /home/harsha/.rvm/gems/ruby-2.3.1/gems/web-console-2.3.0/lib/web_console/templates/error_page.js.erb within layouts/javascript (0.5ms)
  Rendered /home/harsha/.rvm/gems/ruby-2.3.1/gems/web-console-2.3.0/lib/web_console/templates/index.html.erb (32.1ms)


Started GET "/lifts" for 127.0.0.1 at 2017-07-30 19:40:41 +0530
Processing by LiftsController#index as HTML
  [1m[35mLift Load (0.1ms)[0m  SELECT "lifts".* FROM "lifts"
  Rendered lifts/index.html.erb within layouts/application (1.0ms)
Completed 500 Internal Server Error in 212ms (ActiveRecord: 0.1ms)

ActionView::Template::Error (SyntaxError: [stdin]:14:16: unexpected .):
    3: <head>
    4:   <title>RailsApp</title>
    5:   <%= stylesheet_link_tag    'application', media: 'all', 'data-turbolinks-track' => true %>
    6:   <%= javascript_include_tag 'application', 'data-turbolinks-track' => true %>
    7:   <%= csrf_meta_tags %>
    8: </head>
    9: <body>
  app/views/layouts/application.html.erb:6:in `_app_views_layouts_application_html_erb___706849677634608377_28029820'


  Rendered /home/harsha/.rvm/gems/ruby-2.3.1/gems/actionpack-4.2.6/lib/action_dispatch/middleware/templates/rescues/_source.erb (7.5ms)
  Rendered /home/harsha/.rvm/gems/ruby-2.3.1/gems/actionpack-4.2.6/lib/action_dispatch/middleware/templates/rescues/_trace.html.erb (3.6ms)
  Rendered /home/harsha/.rvm/gems/ruby-2.3.1/gems/actionpack-4.2.6/lib/action_dispatch/middleware/templates/rescues/_request_and_response.html.erb (0.8ms)
  Rendered /home/harsha/.rvm/gems/ruby-2.3.1/gems/actionpack-4.2.6/lib/action_dispatch/middleware/templates/rescues/template_error.html.erb within rescues/layout (26.9ms)
  Rendered /home/harsha/.rvm/gems/ruby-2.3.1/gems/web-console-2.3.0/lib/web_console/templates/_markup.html.erb (0.4ms)
  Rendered /home/harsha/.rvm/gems/ruby-2.3.1/gems/web-console-2.3.0/lib/web_console/templates/_inner_console_markup.html.erb within layouts/inlined_string (0.3ms)
  Rendered /home/harsha/.rvm/gems/ruby-2.3.1/gems/web-console-2.3.0/lib/web_console/templates/_prompt_box_markup.html.erb within layouts/inlined_string (0.3ms)
  Rendered /home/harsha/.rvm/gems/ruby-2.3.1/gems/web-console-2.3.0/lib/web_console/templates/style.css.erb within layouts/inlined_string (0.5ms)
  Rendered /home/harsha/.rvm/gems/ruby-2.3.1/gems/web-console-2.3.0/lib/web_console/templates/console.js.erb within layouts/javascript (17.0ms)
  Rendered /home/harsha/.rvm/gems/ruby-2.3.1/gems/web-console-2.3.0/lib/web_console/templates/main.js.erb within layouts/javascript (0.2ms)
  Rendered /home/harsha/.rvm/gems/ruby-2.3.1/gems/web-console-2.3.0/lib/web_console/templates/error_page.js.erb within layouts/javascript (0.8ms)
  Rendered /home/harsha/.rvm/gems/ruby-2.3.1/gems/web-console-2.3.0/lib/web_console/templates/index.html.erb (34.2ms)


Started GET "/lifts" for 127.0.0.1 at 2017-07-30 19:41:58 +0530
Processing by LiftsController#index as HTML
  [1m[36mLift Load (0.3ms)[0m  [1mSELECT "lifts".* FROM "lifts"[0m
  Rendered lifts/index.html.erb within layouts/application (2.0ms)
Completed 200 OK in 498ms (Views: 497.7ms | ActiveRecord: 0.3ms)


Started GET "/assets/components/lift.self-92a218b27da9b738e7fddffad40ff2a8b74b7d8728a3af575e457e21b72322f8.js?body=1" for 127.0.0.1 at 2017-07-30 19:41:59 +0530


Started GET "/lifts" for 127.0.0.1 at 2017-07-30 19:42:18 +0530
Processing by LiftsController#index as HTML
  [1m[35mLift Load (0.2ms)[0m  SELECT "lifts".* FROM "lifts"
  Rendered lifts/index.html.erb within layouts/application (1.1ms)
Completed 200 OK in 432ms (Views: 430.9ms | ActiveRecord: 0.2ms)


Started GET "/lifts" for 127.0.0.1 at 2017-07-30 19:42:36 +0530
Processing by LiftsController#index as HTML
  [1m[36mLift Load (0.3ms)[0m  [1mSELECT "lifts".* FROM "lifts"[0m
  Rendered lifts/index.html.erb within layouts/application (3.1ms)
Completed 200 OK in 481ms (Views: 479.7ms | ActiveRecord: 0.3ms)


Started GET "/assets/components/lifts.self-32b5dba1058a84e2d05c98c912794e66a398035bf022f254a758e7987471a777.js?body=1" for 127.0.0.1 at 2017-07-30 19:42:36 +0530


Started GET "/lifts" for 127.0.0.1 at 2017-07-30 19:42:47 +0530
Processing by LiftsController#index as HTML
  [1m[35mLift Load (0.2ms)[0m  SELECT "lifts".* FROM "lifts"
  Rendered lifts/index.html.erb within layouts/application (0.9ms)
Completed 200 OK in 40ms (Views: 39.3ms | ActiveRecord: 0.2ms)


Started GET "/lifts" for 127.0.0.1 at 2017-07-30 19:43:59 +0530
Processing by LiftsController#index as HTML
  [1m[36mLift Load (0.1ms)[0m  [1mSELECT "lifts".* FROM "lifts"[0m
  Rendered lifts/index.html.erb within layouts/application (1.2ms)
Completed 200 OK in 40ms (Views: 39.8ms | ActiveRecord: 0.1ms)


Started GET "/lifts" for 127.0.0.1 at 2017-07-30 19:44:10 +0530
Processing by LiftsController#index as HTML
  [1m[35mLift Load (0.1ms)[0m  SELECT "lifts".* FROM "lifts"
  Rendered lifts/index.html.erb within layouts/application (0.9ms)
Completed 200 OK in 424ms (Views: 423.2ms | ActiveRecord: 0.1ms)


Started GET "/assets/components/lifts.self-963f79fa214ffc1d207e10374a8028a21c46ec9cc566589ba69f07b8cb5f7ed0.js?body=1" for 127.0.0.1 at 2017-07-30 19:44:11 +0530


Started GET "/lifts" for 127.0.0.1 at 2017-07-30 20:13:59 +0530
Processing by LiftsController#index as HTML
  [1m[36mLift Load (0.3ms)[0m  [1mSELECT "lifts".* FROM "lifts"[0m
  Rendered lifts/index.html.erb within layouts/application (5.8ms)
Completed 200 OK in 692ms (Views: 688.4ms | ActiveRecord: 0.6ms)


Started GET "/assets/components/lift_form.self-a4168a7b6884ddd31d552120b5cbeddb62e7ceb81cf57319ba070cbf17cd42de.js?body=1" for 127.0.0.1 at 2017-07-30 20:14:00 +0530


Started GET "/assets/components/lifts.self-7a834669ce87c270562da10bf55f1c5a541633dcd7dd6de9863863c73033aa6e.js?body=1" for 127.0.0.1 at 2017-07-30 20:14:00 +0530


Started GET "/lifts" for 127.0.0.1 at 2017-07-30 20:14:19 +0530
  [1m[36mActiveRecord::SchemaMigration Load (0.1ms)[0m  [1mSELECT "schema_migrations".* FROM "schema_migrations"[0m
Processing by LiftsController#index as HTML
  [1m[35mLift Load (0.1ms)[0m  SELECT "lifts".* FROM "lifts"
  Rendered lifts/index.html.erb within layouts/application (7.8ms)
Completed 200 OK in 856ms (Views: 835.5ms | ActiveRecord: 0.4ms)


Started GET "/lifts" for 127.0.0.1 at 2017-07-30 20:15:12 +0530
Processing by LiftsController#index as HTML
  [1m[36mLift Load (0.2ms)[0m  [1mSELECT "lifts".* FROM "lifts"[0m
  Rendered lifts/index.html.erb within layouts/application (1.1ms)
Completed 200 OK in 581ms (Views: 580.4ms | ActiveRecord: 0.2ms)


Started GET "/lifts" for 127.0.0.1 at 2017-07-30 20:16:31 +0530
Processing by LiftsController#index as HTML
  [1m[35mLift Load (0.1ms)[0m  SELECT "lifts".* FROM "lifts"
  Rendered lifts/index.html.erb within layouts/application (0.9ms)
Completed 200 OK in 245ms (Views: 244.3ms | ActiveRecord: 0.1ms)


Started GET "/" for 127.0.0.1 at 2017-08-01 21:43:36 +0530
  [1m[36mActiveRecord::SchemaMigration Load (0.1ms)[0m  [1mSELECT "schema_migrations".* FROM "schema_migrations"[0m
Processing by Rails::WelcomeController#index as HTML
  Rendered /usr/lib/ruby/vendor_ruby/rails/templates/rails/welcome/index.html.erb (2.3ms)
Completed 200 OK in 87ms (Views: 67.4ms | ActiveRecord: 0.0ms)


Started GET "/lifts" for 127.0.0.1 at 2017-08-01 21:43:43 +0530
Processing by LiftsController#index as HTML
  [1m[35mLift Load (0.2ms)[0m  SELECT "lifts".* FROM "lifts"
  Rendered lifts/index.html.erb within layouts/application (14.0ms)
Completed 200 OK in 8726ms (Views: 8690.4ms | ActiveRecord: 0.8ms)


Started GET "/assets/application.self-031273d199c593faaf1fc327c53b1c6a1ddb81efa748817f7f32ef547a6267d8.css?body=1" for 127.0.0.1 at 2017-08-01 21:43:51 +0530


Started GET "/assets/jquery_ujs.self-784a997f6726036b1993eb2217c9cb558e1cbb801c6da88105588c56f13b466a.js?body=1" for 127.0.0.1 at 2017-08-01 21:43:52 +0530


Started GET "/assets/turbolinks.self-1d1fddf91adc38ac2045c51f0a3e05ca97d07d24d15a4dcbf705009106489e69.js?body=1" for 127.0.0.1 at 2017-08-01 21:43:52 +0530


Started GET "/assets/react.self-73aebe9077e6d43c26641df64fb423f78831c5ee55ce76eee06ea71522ae1da1.js?body=1" for 127.0.0.1 at 2017-08-01 21:43:52 +0530


Started GET "/assets/react_ujs.self-d595485e19cc50994cf4906369294e1fa672bf6871fe8b9489c07bab21ec74d0.js?body=1" for 127.0.0.1 at 2017-08-01 21:43:52 +0530


Started GET "/assets/components/lift.self-92a218b27da9b738e7fddffad40ff2a8b74b7d8728a3af575e457e21b72322f8.js?body=1" for 127.0.0.1 at 2017-08-01 21:43:52 +0530


Started GET "/assets/components/lift_form.self-a4168a7b6884ddd31d552120b5cbeddb62e7ceb81cf57319ba070cbf17cd42de.js?body=1" for 127.0.0.1 at 2017-08-01 21:43:52 +0530


Started GET "/assets/components/lifts.self-7a834669ce87c270562da10bf55f1c5a541633dcd7dd6de9863863c73033aa6e.js?body=1" for 127.0.0.1 at 2017-08-01 21:43:52 +0530


Started GET "/assets/components.self-e3b0c44298fc1c149afbf4c8996fb92427ae41e4649b934ca495991b7852b855.js?body=1" for 127.0.0.1 at 2017-08-01 21:43:52 +0530


Started GET "/assets/lifts.self-877aef30ae1b040ab8a3aba4e3e309a11d7f2612f44dde450b5c157aa5f95c05.js?body=1" for 127.0.0.1 at 2017-08-01 21:43:52 +0530


Started GET "/assets/react-server.self-01b563c5f898e5a3eeb36eb794782c733211a06172e3b87912e7b0827643d4e4.js?body=1" for 127.0.0.1 at 2017-08-01 21:43:52 +0530


Started GET "/assets/server_rendering.self-cc0c9a7ae066dab953a3915c75fde3b432278f8469a119c0954495472965de52.js?body=1" for 127.0.0.1 at 2017-08-01 21:43:52 +0530


Started GET "/assets/bootstrap/alert.self-5a586b490b4c9332249b231956b361b852b128a0d82f7f08549f205bba1bfeb0.js?body=1" for 127.0.0.1 at 2017-08-01 21:43:52 +0530


Started GET "/assets/bootstrap/util.self-5ae5b599fc2afe0f317696c5dfc0b51d6ce2ecb47d0341d1555b2fe971ada496.js?body=1" for 127.0.0.1 at 2017-08-01 21:43:52 +0530


Started GET "/assets/bootstrap/button.self-30412f39aaa761313878531076ce8187fe6c017e42111bf2c283fce4a7c850f8.js?body=1" for 127.0.0.1 at 2017-08-01 21:43:52 +0530


Started GET "/assets/bootstrap/carousel.self-f18afa468f85125228747ec83e00e56a26bbc71295e90a3848af25b258445615.js?body=1" for 127.0.0.1 at 2017-08-01 21:43:52 +0530


Started GET "/assets/bootstrap/collapse.self-94c7455a70c5bb5ad5b3eae0c70388160c238afdea0b48d5345587fd176fb52d.js?body=1" for 127.0.0.1 at 2017-08-01 21:43:52 +0530


Started GET "/assets/bootstrap/dropdown.self-954f8384ac380992dd91b2b176b570b0792365a334efb758774c718d9628a329.js?body=1" for 127.0.0.1 at 2017-08-01 21:43:52 +0530


Started GET "/assets/bootstrap/modal.self-a406636221efb5add01fbaa60c24ac0ae6bc0c57008d8e2503d68f49fbe75ad0.js?body=1" for 127.0.0.1 at 2017-08-01 21:43:52 +0530


Started GET "/assets/bootstrap/scrollspy.self-66781adda319363e67c65edfc73459411bd3948c0f32efddbc9928b810d5abf4.js?body=1" for 127.0.0.1 at 2017-08-01 21:43:52 +0530


Started GET "/assets/bootstrap/tab.self-e3abc2817f699a2be95f78a4aff190ef7669d5590adbacd0c08867eb34ed16c6.js?body=1" for 127.0.0.1 at 2017-08-01 21:43:52 +0530


Started GET "/assets/bootstrap/tooltip.self-dd8a9f3fa1f9fc58df30c7ed9a17dfc7303b812d72640899beee03609124b426.js?body=1" for 127.0.0.1 at 2017-08-01 21:43:52 +0530


Started GET "/assets/bootstrap/popover.self-7d459fac34d4d96fd9d6da8efcd40dee55b66579a24ddcebf0a355c82dcad7e0.js?body=1" for 127.0.0.1 at 2017-08-01 21:43:52 +0530


Started GET "/assets/bootstrap-sprockets.self-636159b35205da4142a43bc02d2849d77d3ac07a0946211585cde15a9c6ff21f.js?body=1" for 127.0.0.1 at 2017-08-01 21:43:52 +0530


Started GET "/assets/application.self-10ad0916cf31256fe71785e8dc9cc297a96b1cdf7b74aeb61711199b9a3d003f.js?body=1" for 127.0.0.1 at 2017-08-01 21:43:52 +0530


Started GET "/assets/jquery.self-bd7ddd393353a8d2480a622e80342adf488fb6006d667e8b42e4c0073393abee.js?body=1" for 127.0.0.1 at 2017-08-01 21:43:52 +0530


Started GET "/lifts" for 127.0.0.1 at 2017-08-01 21:47:01 +0530
Processing by LiftsController#index as HTML
  [1m[36mLift Load (0.2ms)[0m  [1mSELECT "lifts".* FROM "lifts"[0m
  Rendered lifts/index.html.erb within layouts/application (1.5ms)
Completed 200 OK in 612ms (Views: 610.9ms | ActiveRecord: 0.2ms)


Started GET "/lifts" for 127.0.0.1 at 2017-08-01 21:48:13 +0530
Processing by LiftsController#index as HTML
  [1m[35mLift Load (0.3ms)[0m  SELECT "lifts".* FROM "lifts"
  Rendered lifts/index.html.erb within layouts/application (7.9ms)
Completed 200 OK in 76ms (Views: 73.7ms | ActiveRecord: 0.6ms)


Started GET "/lifts" for 127.0.0.1 at 2017-08-01 21:49:00 +0530
Processing by LiftsController#index as HTML
  [1m[36mLift Load (0.1ms)[0m  [1mSELECT "lifts".* FROM "lifts"[0m
  Rendered lifts/index.html.erb within layouts/application (1.1ms)
Completed 200 OK in 441ms (Views: 440.4ms | ActiveRecord: 0.1ms)


Started GET "/assets/components/lift_form.self-b37f36b230a0e2c8ab3a139afb59ecc10a33daefb97ce1bb90bab512dbb12b93.js?body=1" for 127.0.0.1 at 2017-08-01 21:49:01 +0530


Started GET "/lifts" for 127.0.0.1 at 2017-08-01 21:50:27 +0530
Processing by LiftsController#index as HTML
  [1m[35mLift Load (0.1ms)[0m  SELECT "lifts".* FROM "lifts"
  Rendered lifts/index.html.erb within layouts/application (0.9ms)
Completed 200 OK in 475ms (Views: 474.8ms | ActiveRecord: 0.1ms)


Started GET "/assets/components/lift_form.self-6e6bd4a2053b146e297df882a7ee9416c61272deff75011357ad3aebc9f45ffb.js?body=1" for 127.0.0.1 at 2017-08-01 21:50:28 +0530


Started GET "/lifts" for 127.0.0.1 at 2017-08-01 21:52:01 +0530
Processing by LiftsController#index as HTML
  [1m[36mLift Load (0.1ms)[0m  [1mSELECT "lifts".* FROM "lifts"[0m
  Rendered lifts/index.html.erb within layouts/application (0.9ms)
Completed 200 OK in 441ms (Views: 440.9ms | ActiveRecord: 0.1ms)


Started GET "/assets/components/lift_form.self-3d86a268730cbcf062caf64fe984f875d19b135c43189c1a6421d79a26162883.js?body=1" for 127.0.0.1 at 2017-08-01 21:52:01 +0530


Started GET "/lifts" for 127.0.0.1 at 2017-08-01 21:53:31 +0530
Processing by LiftsController#index as HTML
  [1m[35mLift Load (0.2ms)[0m  SELECT "lifts".* FROM "lifts"
  Rendered lifts/index.html.erb within layouts/application (1.5ms)
Completed 200 OK in 470ms (Views: 469.6ms | ActiveRecord: 0.2ms)


Started GET "/assets/components/lift_form.self-ea557038aadd1771e4f6480f672118ddfb2098ddaa09743af57772d2bd78026f.js?body=1" for 127.0.0.1 at 2017-08-01 21:53:32 +0530


Started GET "/lifts" for 127.0.0.1 at 2017-08-01 21:53:52 +0530
Processing by LiftsController#index as HTML
  [1m[36mLift Load (0.2ms)[0m  [1mSELECT "lifts".* FROM "lifts"[0m
  Rendered lifts/index.html.erb within layouts/application (3.0ms)
Completed 200 OK in 447ms (Views: 445.6ms | ActiveRecord: 0.2ms)


Started GET "/assets/components/lift_form.self-39e3eaac760b04edd022ce5cfe5e1259f7353d1ed81444a3671f4e670705ed6a.js?body=1" for 127.0.0.1 at 2017-08-01 21:53:52 +0530


Started GET "/lifts" for 127.0.0.1 at 2017-08-01 21:54:00 +0530
Processing by LiftsController#index as HTML
  [1m[35mLift Load (0.3ms)[0m  SELECT "lifts".* FROM "lifts"
  Rendered lifts/index.html.erb within layouts/application (2.6ms)
Completed 200 OK in 61ms (Views: 59.5ms | ActiveRecord: 0.3ms)


Started POST "/lifts" for 127.0.0.1 at 2017-08-01 21:54:54 +0530
Processing by LiftsController#create as JSON
  Parameters: {"lift"=>{"date"=>"2017-08-04", "liftname"=>"hello sir", "ismetric"=>"1", "weightlifted"=>"480", "repsperformed"=>"4", "onerm"=>"5"}}
  [1m[36m (0.2ms)[0m  [1mbegin transaction[0m
  [1m[35mSQL (0.3ms)[0m  INSERT INTO "lifts" ("date", "liftname", "ismetric", "weightlifted", "repsperformed", "onerm", "created_at", "updated_at") VALUES (?, ?, ?, ?, ?, ?, ?, ?)  [["date", "2017-08-04"], ["liftname", "hello sir"], ["ismetric", "t"], ["weightlifted", 480], ["repsperformed", 4], ["onerm", 5], ["created_at", "2017-08-01 16:24:54.086813"], ["updated_at", "2017-08-01 16:24:54.086813"]]
  [1m[36m (87.3ms)[0m  [1mcommit transaction[0m
Completed 200 OK in 176ms (Views: 0.9ms | ActiveRecord: 87.8ms)


Started POST "/lifts" for 127.0.0.1 at 2017-08-01 21:55:24 +0530
Processing by LiftsController#create as JSON
  Parameters: {"lift"=>{"date"=>"2017-08-25", "liftname"=>"7 wonders", "ismetric"=>"0", "weightlifted"=>"111", "repsperformed"=>"12", "onerm"=>"12"}}
  [1m[35m (0.1ms)[0m  begin transaction
  [1m[36mSQL (0.1ms)[0m  [1mINSERT INTO "lifts" ("date", "liftname", "ismetric", "weightlifted", "repsperformed", "onerm", "created_at", "updated_at") VALUES (?, ?, ?, ?, ?, ?, ?, ?)[0m  [["date", "2017-08-25"], ["liftname", "7 wonders"], ["ismetric", "f"], ["weightlifted", 111], ["repsperformed", 12], ["onerm", 12], ["created_at", "2017-08-01 16:25:24.863432"], ["updated_at", "2017-08-01 16:25:24.863432"]]
  [1m[35m (99.6ms)[0m  commit transaction
Completed 200 OK in 102ms (Views: 0.3ms | ActiveRecord: 99.8ms)


Started GET "/lifts" for 127.0.0.1 at 2017-08-01 22:10:39 +0530
Processing by LiftsController#index as HTML
  [1m[36mLift Load (0.2ms)[0m  [1mSELECT "lifts".* FROM "lifts"[0m
  Rendered lifts/index.html.erb within layouts/application (2.3ms)
Completed 500 Internal Server Error in 882ms (ActiveRecord: 0.2ms)

ActionView::Template::Error (SyntaxError: [stdin]:12:17: unexpected .):
    3: <head>
    4:   <title>RailsApp</title>
    5:   <%= stylesheet_link_tag    'application', media: 'all', 'data-turbolinks-track' => true %>
    6:   <%= javascript_include_tag 'application', 'data-turbolinks-track' => true %>
    7:   <%= csrf_meta_tags %>
    8: </head>
    9: <body>
  app/views/layouts/application.html.erb:6:in `_app_views_layouts_application_html_erb__2752463745248288645_11724440'


  Rendered /usr/lib/ruby/vendor_ruby/action_dispatch/middleware/templates/rescues/_source.erb (8.2ms)
  Rendered /usr/lib/ruby/vendor_ruby/action_dispatch/middleware/templates/rescues/_trace.html.erb (3.1ms)
  Rendered /usr/lib/ruby/vendor_ruby/action_dispatch/middleware/templates/rescues/_request_and_response.html.erb (0.9ms)
  Rendered /usr/lib/ruby/vendor_ruby/action_dispatch/middleware/templates/rescues/template_error.html.erb within rescues/layout (27.4ms)
  Rendered /var/lib/gems/2.3.0/gems/web-console-2.3.0/lib/web_console/templates/_markup.html.erb (0.4ms)
  Rendered /var/lib/gems/2.3.0/gems/web-console-2.3.0/lib/web_console/templates/_inner_console_markup.html.erb within layouts/inlined_string (0.4ms)
  Rendered /var/lib/gems/2.3.0/gems/web-console-2.3.0/lib/web_console/templates/_prompt_box_markup.html.erb within layouts/inlined_string (0.3ms)
  Rendered /var/lib/gems/2.3.0/gems/web-console-2.3.0/lib/web_console/templates/style.css.erb within layouts/inlined_string (0.5ms)
  Rendered /var/lib/gems/2.3.0/gems/web-console-2.3.0/lib/web_console/templates/console.js.erb within layouts/javascript (81.0ms)
  Rendered /var/lib/gems/2.3.0/gems/web-console-2.3.0/lib/web_console/templates/main.js.erb within layouts/javascript (0.4ms)
  Rendered /var/lib/gems/2.3.0/gems/web-console-2.3.0/lib/web_console/templates/error_page.js.erb within layouts/javascript (0.4ms)
  Rendered /var/lib/gems/2.3.0/gems/web-console-2.3.0/lib/web_console/templates/index.html.erb (130.3ms)


Started GET "/lifts" for 127.0.0.1 at 2017-08-01 22:11:54 +0530
Processing by LiftsController#index as HTML
  [1m[35mLift Load (0.2ms)[0m  SELECT "lifts".* FROM "lifts"
  Rendered lifts/index.html.erb within layouts/application (1.4ms)
Completed 500 Internal Server Error in 412ms (ActiveRecord: 0.2ms)

ActionView::Template::Error (SyntaxError: [stdin]:12:17: unexpected .):
    3: <head>
    4:   <title>RailsApp</title>
    5:   <%= stylesheet_link_tag    'application', media: 'all', 'data-turbolinks-track' => true %>
    6:   <%= javascript_include_tag 'application', 'data-turbolinks-track' => true %>
    7:   <%= csrf_meta_tags %>
    8: </head>
    9: <body>
  app/views/layouts/application.html.erb:6:in `_app_views_layouts_application_html_erb__2752463745248288645_11724440'


  Rendered /usr/lib/ruby/vendor_ruby/action_dispatch/middleware/templates/rescues/_source.erb (8.7ms)
  Rendered /usr/lib/ruby/vendor_ruby/action_dispatch/middleware/templates/rescues/_trace.html.erb (5.5ms)
  Rendered /usr/lib/ruby/vendor_ruby/action_dispatch/middleware/templates/rescues/_request_and_response.html.erb (1.0ms)
  Rendered /usr/lib/ruby/vendor_ruby/action_dispatch/middleware/templates/rescues/template_error.html.erb within rescues/layout (26.2ms)
  Rendered /var/lib/gems/2.3.0/gems/web-console-2.3.0/lib/web_console/templates/_markup.html.erb (0.3ms)
  Rendered /var/lib/gems/2.3.0/gems/web-console-2.3.0/lib/web_console/templates/_inner_console_markup.html.erb within layouts/inlined_string (0.3ms)
  Rendered /var/lib/gems/2.3.0/gems/web-console-2.3.0/lib/web_console/templates/_prompt_box_markup.html.erb within layouts/inlined_string (0.2ms)
  Rendered /var/lib/gems/2.3.0/gems/web-console-2.3.0/lib/web_console/templates/style.css.erb within layouts/inlined_string (0.9ms)
  Rendered /var/lib/gems/2.3.0/gems/web-console-2.3.0/lib/web_console/templates/console.js.erb within layouts/javascript (15.2ms)
  Rendered /var/lib/gems/2.3.0/gems/web-console-2.3.0/lib/web_console/templates/main.js.erb within layouts/javascript (0.2ms)
  Rendered /var/lib/gems/2.3.0/gems/web-console-2.3.0/lib/web_console/templates/error_page.js.erb within layouts/javascript (0.5ms)
  Rendered /var/lib/gems/2.3.0/gems/web-console-2.3.0/lib/web_console/templates/index.html.erb (29.6ms)


Started PUT "/__web_console/repl_sessions/eb5ae735706cb1c60b00fb0790571fee" for 127.0.0.1 at 2017-08-01 22:12:02 +0530


Started GET "/lifts" for 127.0.0.1 at 2017-08-01 22:13:40 +0530
Processing by LiftsController#index as HTML
  [1m[36mLift Load (0.2ms)[0m  [1mSELECT "lifts".* FROM "lifts"[0m
  Rendered lifts/index.html.erb within layouts/application (2.1ms)
Completed 500 Internal Server Error in 449ms (ActiveRecord: 0.2ms)

ActionView::Template::Error (SyntaxError: [stdin]:12:17: unexpected .):
    3: <head>
    4:   <title>RailsApp</title>
    5:   <%= stylesheet_link_tag    'application', media: 'all', 'data-turbolinks-track' => true %>
    6:   <%= javascript_include_tag 'application', 'data-turbolinks-track' => true %>
    7:   <%= csrf_meta_tags %>
    8: </head>
    9: <body>
  app/views/layouts/application.html.erb:6:in `_app_views_layouts_application_html_erb__2752463745248288645_11724440'


  Rendered /usr/lib/ruby/vendor_ruby/action_dispatch/middleware/templates/rescues/_source.erb (8.4ms)
  Rendered /usr/lib/ruby/vendor_ruby/action_dispatch/middleware/templates/rescues/_trace.html.erb (3.0ms)
  Rendered /usr/lib/ruby/vendor_ruby/action_dispatch/middleware/templates/rescues/_request_and_response.html.erb (1.0ms)
  Rendered /usr/lib/ruby/vendor_ruby/action_dispatch/middleware/templates/rescues/template_error.html.erb within rescues/layout (24.0ms)
  Rendered /var/lib/gems/2.3.0/gems/web-console-2.3.0/lib/web_console/templates/_markup.html.erb (0.3ms)
  Rendered /var/lib/gems/2.3.0/gems/web-console-2.3.0/lib/web_console/templates/_inner_console_markup.html.erb within layouts/inlined_string (0.6ms)
  Rendered /var/lib/gems/2.3.0/gems/web-console-2.3.0/lib/web_console/templates/_prompt_box_markup.html.erb within layouts/inlined_string (0.3ms)
  Rendered /var/lib/gems/2.3.0/gems/web-console-2.3.0/lib/web_console/templates/style.css.erb within layouts/inlined_string (0.3ms)
  Rendered /var/lib/gems/2.3.0/gems/web-console-2.3.0/lib/web_console/templates/console.js.erb within layouts/javascript (17.1ms)
  Rendered /var/lib/gems/2.3.0/gems/web-console-2.3.0/lib/web_console/templates/main.js.erb within layouts/javascript (0.3ms)
  Rendered /var/lib/gems/2.3.0/gems/web-console-2.3.0/lib/web_console/templates/error_page.js.erb within layouts/javascript (0.4ms)
  Rendered /var/lib/gems/2.3.0/gems/web-console-2.3.0/lib/web_console/templates/index.html.erb (32.3ms)


Started GET "/lifts" for 127.0.0.1 at 2017-08-01 22:16:09 +0530
Processing by LiftsController#index as HTML
  [1m[35mLift Load (0.1ms)[0m  SELECT "lifts".* FROM "lifts"
  Rendered lifts/index.html.erb within layouts/application (1.3ms)
Completed 500 Internal Server Error in 409ms (ActiveRecord: 0.1ms)

ActionView::Template::Error (SyntaxError: [stdin]:12:17: unexpected .):
    3: <head>
    4:   <title>RailsApp</title>
    5:   <%= stylesheet_link_tag    'application', media: 'all', 'data-turbolinks-track' => true %>
    6:   <%= javascript_include_tag 'application', 'data-turbolinks-track' => true %>
    7:   <%= csrf_meta_tags %>
    8: </head>
    9: <body>
  app/views/layouts/application.html.erb:6:in `_app_views_layouts_application_html_erb__2752463745248288645_11724440'


  Rendered /usr/lib/ruby/vendor_ruby/action_dispatch/middleware/templates/rescues/_source.erb (8.1ms)
  Rendered /usr/lib/ruby/vendor_ruby/action_dispatch/middleware/templates/rescues/_trace.html.erb (2.7ms)
  Rendered /usr/lib/ruby/vendor_ruby/action_dispatch/middleware/templates/rescues/_request_and_response.html.erb (0.7ms)
  Rendered /usr/lib/ruby/vendor_ruby/action_dispatch/middleware/templates/rescues/template_error.html.erb within rescues/layout (21.0ms)
  Rendered /var/lib/gems/2.3.0/gems/web-console-2.3.0/lib/web_console/templates/_markup.html.erb (0.3ms)
  Rendered /var/lib/gems/2.3.0/gems/web-console-2.3.0/lib/web_console/templates/_inner_console_markup.html.erb within layouts/inlined_string (0.2ms)
  Rendered /var/lib/gems/2.3.0/gems/web-console-2.3.0/lib/web_console/templates/_prompt_box_markup.html.erb within layouts/inlined_string (0.4ms)
  Rendered /var/lib/gems/2.3.0/gems/web-console-2.3.0/lib/web_console/templates/style.css.erb within layouts/inlined_string (0.5ms)
  Rendered /var/lib/gems/2.3.0/gems/web-console-2.3.0/lib/web_console/templates/console.js.erb within layouts/javascript (15.4ms)
  Rendered /var/lib/gems/2.3.0/gems/web-console-2.3.0/lib/web_console/templates/main.js.erb within layouts/javascript (0.3ms)
  Rendered /var/lib/gems/2.3.0/gems/web-console-2.3.0/lib/web_console/templates/error_page.js.erb within layouts/javascript (0.3ms)
  Rendered /var/lib/gems/2.3.0/gems/web-console-2.3.0/lib/web_console/templates/index.html.erb (28.2ms)
